

================================================================
== Vivado HLS Report for 'present_encrypt'
================================================================
* Date:           Wed May 13 01:23:35 2020

* Version:        2017.2 (Build 1909853 on Thu Jun 15 18:55:24 MDT 2017)
* Project:        present
* Solution:       solution2
* Product family: zynq
* Target device:  xc7z020clg400-1


================================================================
== Performance Estimates
================================================================
+ Timing (ns): 
    * Summary: 
    +--------+-------+----------+------------+
    |  Clock | Target| Estimated| Uncertainty|
    +--------+-------+----------+------------+
    |ap_clk  |  10.00|      8.75|        1.25|
    +--------+-------+----------+------------+

+ Latency (clock cycles): 
    * Summary: 
    +-----+-----+-----+-----+---------+
    |  Latency  |  Interval | Pipeline|
    | min | max | min | max |   Type  |
    +-----+-----+-----+-----+---------+
    |   80|   80|   81|   81|   none  |
    +-----+-----+-----+-----+---------+

    + Detail: 
        * Instance: 
        +--------------------------------+---------------------+-----+-----+-----+-----+---------+
        |                                |                     |  Latency  |  Interval | Pipeline|
        |            Instance            |        Module       | min | max | min | max |   Type  |
        +--------------------------------+---------------------+-----+-----+-----+-----+---------+
        |grp_generateRoundKeys80_fu_153  |generateRoundKeys80  |   15|   15|   15|   15|   none  |
        |grp_sBoxLayer_fu_163            |sBoxLayer            |    0|    0|    0|    0|   none  |
        |grp_PLayer_fu_168               |PLayer               |    0|    0|    0|    0|   none  |
        +--------------------------------+---------------------+-----+-----+-----+-----+---------+

        * Loop: 
        N/A



================================================================
== Utilization Estimates
================================================================
* Summary: 
+-----------------+---------+-------+--------+-------+
|       Name      | BRAM_18K| DSP48E|   FF   |  LUT  |
+-----------------+---------+-------+--------+-------+
|DSP              |        -|      -|       -|      -|
|Expression       |        -|      -|       0|    128|
|FIFO             |        -|      -|       -|      -|
|Instance         |        -|      -|   14357|   6957|
|Memory           |        4|      -|       0|      0|
|Multiplexer      |        -|      -|       -|    480|
|Register         |        -|      -|     259|      -|
+-----------------+---------+-------+--------+-------+
|Total            |        4|      0|   14616|   7565|
+-----------------+---------+-------+--------+-------+
|Available        |      280|    220|  106400|  53200|
+-----------------+---------+-------+--------+-------+
|Utilization (%)  |        1|      0|      13|     14|
+-----------------+---------+-------+--------+-------+

+ Detail: 
    * Instance: 
    +--------------------------------+---------------------+---------+-------+------+------+
    |            Instance            |        Module       | BRAM_18K| DSP48E|  FF  |  LUT |
    +--------------------------------+---------------------+---------+-------+------+------+
    |grp_PLayer_fu_168               |PLayer               |        0|      0|     0|     0|
    |grp_generateRoundKeys80_fu_153  |generateRoundKeys80  |        0|      0|  9909|  4957|
    |grp_sBoxLayer_fu_163            |sBoxLayer            |        0|      0|  4448|  2000|
    +--------------------------------+---------------------+---------+-------+------+------+
    |Total                           |                     |        0|      0| 14357|  6957|
    +--------------------------------+---------------------+---------+-------+------+------+

    * DSP48: 
    N/A

    * Memory: 
    +-------------+----------------------+---------+---+----+------+-----+------+-------------+
    |    Memory   |        Module        | BRAM_18K| FF| LUT| Words| Bits| Banks| W*Bits*Banks|
    +-------------+----------------------+---------+---+----+------+-----+------+-------------+
    |roundKeys_U  |present_encrypt_rcud  |        4|  0|   0|    32|   64|     1|         2048|
    +-------------+----------------------+---------+---+----+------+-----+------+-------------+
    |Total        |                      |        4|  0|   0|    32|   64|     1|         2048|
    +-------------+----------------------+---------+---+----+------+-----+------+-------------+

    * FIFO: 
    N/A

    * Expression: 
    +-----------------+----------+-------+---+----+------------+------------+
    |  Variable Name  | Operation| DSP48E| FF| LUT| Bitwidth P0| Bitwidth P1|
    +-----------------+----------+-------+---+----+------------+------------+
    |cipher           |    xor   |      0|  0|  64|          64|          64|
    |tmp_i_fu_190_p2  |    xor   |      0|  0|  64|          64|          64|
    +-----------------+----------+-------+---+----+------------+------------+
    |Total            |          |      0|  0| 128|         128|         128|
    +-----------------+----------+-------+---+----+------------+------------+

    * Multiplexer: 
    +------------------------------------+-----+-----------+-----+-----------+
    |                Name                | LUT | Input Size| Bits| Total Bits|
    +------------------------------------+-----+-----------+-----+-----------+
    |ap_NS_fsm                           |  297|         67|    1|         67|
    |grp_sBoxLayer_fu_163_current_state  |   15|          3|   64|        192|
    |roundKeys_address0                  |  153|         34|    5|        170|
    |roundKeys_ce0                       |   15|          3|    1|          3|
    +------------------------------------+-----+-----------+-----+-----------+
    |Total                               |  480|        107|   71|        432|
    +------------------------------------+-----+-----------+-----+-----------+

    * Register: 
    +------------------------------------------------+----+----+-----+-----------+
    |                      Name                      | FF | LUT| Bits| Const Bits|
    +------------------------------------------------+----+----+-----+-----------+
    |ap_CS_fsm                                       |  66|   0|   66|          0|
    |ap_reg_grp_generateRoundKeys80_fu_153_ap_start  |   1|   0|    1|          0|
    |reg_180                                         |  64|   0|   64|          0|
    |reg_185                                         |  64|   0|   64|          0|
    |tmp_i_reg_206                                   |  64|   0|   64|          0|
    +------------------------------------------------+----+----+-----+-----------+
    |Total                                           | 259|   0|  259|          0|
    +------------------------------------------------+----+----+-----+-----------+



================================================================
== Interface
================================================================
* Summary: 
+---------------+-----+-----+------------+-----------------+--------------+
|   RTL Ports   | Dir | Bits|  Protocol  |  Source Object  |    C Type    |
+---------------+-----+-----+------------+-----------------+--------------+
|ap_clk         |  in |    1| ap_ctrl_hs | present_encrypt | return value |
|ap_rst         |  in |    1| ap_ctrl_hs | present_encrypt | return value |
|ap_start       |  in |    1| ap_ctrl_hs | present_encrypt | return value |
|ap_done        | out |    1| ap_ctrl_hs | present_encrypt | return value |
|ap_idle        | out |    1| ap_ctrl_hs | present_encrypt | return value |
|ap_ready       | out |    1| ap_ctrl_hs | present_encrypt | return value |
|key_high       |  in |   16|   ap_none  |     key_high    |    scalar    |
|key_low        |  in |   64|   ap_none  |     key_low     |    scalar    |
|block_r        |  in |   64|   ap_none  |     block_r     |    scalar    |
|cipher         | out |   64|   ap_vld   |      cipher     |    pointer   |
|cipher_ap_vld  | out |    1|   ap_vld   |      cipher     |    pointer   |
+---------------+-----+-----+------------+-----------------+--------------+

